Build started 4/26/2020 3:38:37 PM.
     1>Project "C:\Users\rasou\Desktop\ICSP\Projects\CA1\ConsoleApplication1\ConsoleApplication1\ConsoleApplication1.vcxproj" on node 2 (Build target(s)).
     1>ClCompile:
         C:\Program Files (x86)\Microsoft Visual Studio 12.0\VC\bin\CL.exe /c /ZI /nologo /W3 /WX- /Od /Oy- /D WIN32 /D _DEBUG /D _CONSOLE /D _LIB /D _UNICODE /D UNICODE /Gm /EHsc /RTC1 /MDd /GS /fp:precise /Zc:wchar_t /Zc:forScope /Fo"Debug\\" /Fd"Debug\vc120.pdb" /Gd /TC /analyze- /errorReport:prompt main.c
         main.c
     1>c:\users\rasou\desktop\icsp\projects\ca1\consoleapplication1\consoleapplication1\main.c(28): warning C4996: 'scanf': This function or variable may be unsafe. Consider using scanf_s instead. To disable deprecation, use _CRT_SECURE_NO_WARNINGS. See online help for details.
                 c:\program files (x86)\microsoft visual studio 12.0\vc\include\stdio.h(283) : see declaration of 'scanf'
     1>c:\users\rasou\desktop\icsp\projects\ca1\consoleapplication1\consoleapplication1\main.c(48): warning C4996: 'scanf': This function or variable may be unsafe. Consider using scanf_s instead. To disable deprecation, use _CRT_SECURE_NO_WARNINGS. See online help for details.
                 c:\program files (x86)\microsoft visual studio 12.0\vc\include\stdio.h(283) : see declaration of 'scanf'
     1>c:\users\rasou\desktop\icsp\projects\ca1\consoleapplication1\consoleapplication1\main.c(62): warning C4996: 'scanf': This function or variable may be unsafe. Consider using scanf_s instead. To disable deprecation, use _CRT_SECURE_NO_WARNINGS. See online help for details.
                 c:\program files (x86)\microsoft visual studio 12.0\vc\include\stdio.h(283) : see declaration of 'scanf'
       Link:
         C:\Program Files (x86)\Microsoft Visual Studio 12.0\VC\bin\link.exe /ERRORREPORT:PROMPT /OUT:"C:\Users\rasou\Desktop\ICSP\Projects\CA1\ConsoleApplication1\Debug\ConsoleApplication1.exe" /INCREMENTAL /NOLOGO kernel32.lib user32.lib gdi32.lib winspool.lib comdlg32.lib advapi32.lib shell32.lib ole32.lib oleaut32.lib uuid.lib odbc32.lib odbccp32.lib /MANIFEST /MANIFESTUAC:"level='asInvoker' uiAccess='false'" /manifest:embed /DEBUG /PDB:"C:\Users\rasou\Desktop\ICSP\Projects\CA1\ConsoleApplication1\Debug\ConsoleApplication1.pdb" /SUBSYSTEM:CONSOLE /TLBID:1 /DYNAMICBASE /NXCOMPAT /IMPLIB:"C:\Users\rasou\Desktop\ICSP\Projects\CA1\ConsoleApplication1\Debug\ConsoleApplication1.lib" /MACHINE:X86 Debug\check_game_status.obj
         Debug\is_in_board.obj
         Debug\is_valid_direction.obj
         Debug\is_valid_pos.obj
         Debug\is_valid_square.obj
         Debug\main.obj
         Debug\print_board.obj
         Debug\rotate_subboard.obj
         ConsoleApplication1.vcxproj -> C:\Users\rasou\Desktop\ICSP\Projects\CA1\ConsoleApplication1\Debug\ConsoleApplication1.exe
     1>Done Building Project "C:\Users\rasou\Desktop\ICSP\Projects\CA1\ConsoleApplication1\ConsoleApplication1\ConsoleApplication1.vcxproj" (Build target(s)).

Build succeeded.

Time Elapsed 00:00:01.62
